<?xml version="1.0" encoding="UTF-8"?>
<testng-results ignored="0" total="1" passed="1" failed="0" skipped="0">
  <reporter-output>
  </reporter-output>
  <suite started-at="2025-07-25T13:55:46 IST" name="Suite" finished-at="2025-07-25T13:56:18 IST" duration-ms="32318">
    <groups>
    </groups>
    <test started-at="2025-07-25T13:55:46 IST" name="Test" finished-at="2025-07-25T13:56:18 IST" duration-ms="32318">
      <class name="testCases.Tc002_LoginTest">
        <test-method is-config="true" signature="setup(java.lang.String,java.lang.String)[pri:0, instance:testCases.Tc002_LoginTest@632ceb35]" started-at="2025-07-25T13:55:46 IST" name="setup" finished-at="2025-07-25T13:55:52 IST" duration-ms="6564" status="PASS">
          <params>
            <param index="0">
              <value>
                <![CDATA[windows]]>
              </value>
            </param>
            <param index="1">
              <value>
                <![CDATA[chrome]]>
              </value>
            </param>
          </params>
          <reporter-output>
          </reporter-output>
        </test-method> <!-- setup -->
        <test-method signature="verify_login()[pri:0, instance:testCases.Tc002_LoginTest@632ceb35]" started-at="2025-07-25T13:55:53 IST" name="verify_login" finished-at="2025-07-25T13:56:16 IST" duration-ms="23152" status="PASS">
          <reporter-output>
          </reporter-output>
        </test-method> <!-- verify_login -->
        <test-method is-config="true" signature="tearDown()[pri:0, instance:testCases.Tc002_LoginTest@632ceb35]" started-at="2025-07-25T13:56:16 IST" name="tearDown" finished-at="2025-07-25T13:56:18 IST" duration-ms="2514" status="PASS">
          <reporter-output>
          </reporter-output>
        </test-method> <!-- tearDown -->
      </class> <!-- testCases.Tc002_LoginTest -->
    </test> <!-- Test -->
  </suite> <!-- Suite -->
</testng-results>
