<?xml version="1.0" encoding="UTF-8"?>
<testng-results ignored="0" total="1" passed="1" failed="0" skipped="0">
  <reporter-output>
  </reporter-output>
  <suite started-at="2025-07-24T19:41:38 IST" name="Suite" finished-at="2025-07-24T19:42:10 IST" duration-ms="31802">
    <groups>
    </groups>
    <test started-at="2025-07-24T19:41:38 IST" name="Test" finished-at="2025-07-24T19:42:10 IST" duration-ms="31802">
      <class name="testCases.Tc002_LoginTest">
        <test-method is-config="true" signature="setup(java.lang.String,java.lang.String)[pri:0, instance:testCases.Tc002_LoginTest@460ebd80]" started-at="2025-07-24T19:41:38 IST" name="setup" finished-at="2025-07-24T19:41:44 IST" duration-ms="5494" status="PASS">
          <params>
            <param index="0">
              <value>
                <![CDATA[windows]]>
              </value>
            </param>
            <param index="1">
              <value>
                <![CDATA[chrome]]>
              </value>
            </param>
          </params>
          <reporter-output>
          </reporter-output>
        </test-method> <!-- setup -->
        <test-method signature="verify_login()[pri:0, instance:testCases.Tc002_LoginTest@460ebd80]" started-at="2025-07-24T19:41:44 IST" name="verify_login" finished-at="2025-07-24T19:42:07 IST" duration-ms="23817" status="PASS">
          <reporter-output>
          </reporter-output>
        </test-method> <!-- verify_login -->
        <test-method is-config="true" signature="tearDown()[pri:0, instance:testCases.Tc002_LoginTest@460ebd80]" started-at="2025-07-24T19:42:08 IST" name="tearDown" finished-at="2025-07-24T19:42:10 IST" duration-ms="2396" status="PASS">
          <reporter-output>
          </reporter-output>
        </test-method> <!-- tearDown -->
      </class> <!-- testCases.Tc002_LoginTest -->
    </test> <!-- Test -->
  </suite> <!-- Suite -->
</testng-results>
